<?xml version="1.0" encoding="UTF-8"?>
<testsuite name="org.mandarin.booking.BookingApplicationTests" tests="1" skipped="0" failures="0" errors="0" timestamp="2025-07-30T05:43:17.748Z" hostname="sin-yechan-ui-noteubug.local" time="0.656">
  <properties/>
  <testcase name="contextLoads()" classname="org.mandarin.booking.BookingApplicationTests" time="0.656"/>
  <system-out><![CDATA[14:43:17.428 [Test worker] INFO org.springframework.test.context.support.AnnotationConfigContextLoaderUtils -- Could not detect default configuration classes for test class [org.mandarin.booking.BookingApplicationTests]: BookingApplicationTests does not declare any static, non-private, non-final, nested classes annotated with @Configuration.
14:43:17.464 [Test worker] INFO org.springframework.boot.test.context.SpringBootTestContextBootstrapper -- Found @SpringBootConfiguration org.mandarin.booking.BookingApplication for test class org.mandarin.booking.BookingApplicationTests

  .   ____          _            __ _ _
 /\\ / ___'_ __ _ _(_)_ __  __ _ \ \ \ \
( ( )\___ | '_ | '_| | '_ \/ _` | \ \ \ \
 \\/  ___)| |_)| | | | | || (_| |  ) ) ) )
  '  |____| .__|_| |_|_| |_\__, | / / / /
 =========|_|==============|___/=/_/_/_/

 :: Spring Boot ::                (v3.5.4)

2025-07-30T14:43:17.605+09:00  INFO 41169 --- [booking] [    Test worker] o.m.booking.BookingApplicationTests      : Starting BookingApplicationTests using Java 21.0.7 with PID 41169 (started by sin-yechan in /Users/sin-yechan/IdeaProjects/booking)
2025-07-30T14:43:17.606+09:00  INFO 41169 --- [booking] [    Test worker] o.m.booking.BookingApplicationTests      : No active profile set, falling back to 1 default profile: "default"
2025-07-30T14:43:17.746+09:00  INFO 41169 --- [booking] [    Test worker] o.m.booking.BookingApplicationTests      : Started BookingApplicationTests in 0.235 seconds (process running for 0.645)
]]></system-out>
  <system-err><![CDATA[Mockito is currently self-attaching to enable the inline-mock-maker. This will no longer work in future releases of the JDK. Please add Mockito as an agent to your build as described in Mockito's documentation: https://javadoc.io/doc/org.mockito/mockito-core/latest/org.mockito/org/mockito/Mockito.html#0.3
WARNING: A Java agent has been loaded dynamically (/Users/sin-yechan/.gradle/caches/modules-2/files-2.1/net.bytebuddy/byte-buddy-agent/1.17.6/17b32fd9f57deef02842f7f05abc4ad8127fe34e/byte-buddy-agent-1.17.6.jar)
WARNING: If a serviceability tool is in use, please run with -XX:+EnableDynamicAgentLoading to hide this warning
WARNING: If a serviceability tool is not in use, please run with -Djdk.instrument.traceUsage for more information
WARNING: Dynamic loading of agents will be disallowed by default in a future release
]]></system-err>
</testsuite>
